#separator \x09
#set_separator	,
#empty_field	(empty)
#unset_field	-
#path	notice
#open	2024-08-08-09-02-56
#fields	ts	uid	id.orig_h	id.orig_p	id.resp_h	id.resp_p	fuid	file_mime_type	file_desc	proto	note	msg	sub	src	dst	p	n	peer_descr	actions	email_dest	suppress_for	remote_location.country_code	remote_location.region	remote_location.city	remote_location.latitude	remote_location.longitude
#types	time	string	addr	port	addr	port	string	string	string	enum	enum	string	string	addr	addr	port	count	string	set[enum]	set[string]	interval	string	string	string	double	double
1614578459.699821	-	-	-	-	-	-	-	-	-	CaptureLoss::Too_Little_Traffic	Only observed 0 TCP ACKs and was expecting at least 1.	-	-	-	-	-	-	Notice::ACTION_LOG	(empty)	3600.000000	-	-	-	-	-
1614579359.770983	-	-	-	-	-	-	-	-	-	CaptureLoss::Too_Little_Traffic	Only observed 0 TCP ACKs and was expecting at least 1.	-	-	-	-	-	-	Notice::ACTION_LOG	(empty)	3600.000000	-	-	-	-	-
1614580797.279176	-	-	-	-	-	-	-	-	-	CaptureLoss::Too_Little_Traffic	Only observed 0 TCP ACKs and was expecting at least 1.	-	-	-	-	-	-	Notice::ACTION_LOG	(empty)	3600.000000	-	-	-	-	-
1614581887.976830	-	-	-	-	-	-	-	-	-	CaptureLoss::Too_Little_Traffic	Only observed 0 TCP ACKs and was expecting at least 1.	-	-	-	-	-	-	Notice::ACTION_LOG	(empty)	3600.000000	-	-	-	-	-
1614582788.096217	-	-	-	-	-	-	-	-	-	CaptureLoss::Too_Little_Traffic	Only observed 0 TCP ACKs and was expecting at least 1.	-	-	-	-	-	-	Notice::ACTION_LOG	(empty)	3600.000000	-	-	-	-	-
1614583688.238816	-	-	-	-	-	-	-	-	-	CaptureLoss::Too_Little_Traffic	Only observed 0 TCP ACKs and was expecting at least 1.	-	-	-	-	-	-	Notice::ACTION_LOG	(empty)	3600.000000	-	-	-	-	-
1614587055.520111	-	-	-	-	-	-	-	-	-	CaptureLoss::Too_Little_Traffic	Only observed 0 TCP ACKs and was expecting at least 1.	-	-	-	-	-	-	Notice::ACTION_LOG	(empty)	3600.000000	-	-	-	-	-
1614588022.775528	-	-	-	-	-	-	-	-	-	CaptureLoss::Too_Little_Traffic	Only observed 0 TCP ACKs and was expecting at least 1.	-	-	-	-	-	-	Notice::ACTION_LOG	(empty)	3600.000000	-	-	-	-	-
1614589235.691822	-	-	-	-	-	-	-	-	-	CaptureLoss::Too_Little_Traffic	Only observed 0 TCP ACKs and was expecting at least 1.	-	-	-	-	-	-	Notice::ACTION_LOG	(empty)	3600.000000	-	-	-	-	-
1614590972.953549	-	-	-	-	-	-	-	-	-	CaptureLoss::Too_Little_Traffic	Only observed 0 TCP ACKs and was expecting at least 1.	-	-	-	-	-	-	Notice::ACTION_LOG	(empty)	3600.000000	-	-	-	-	-
1614592086.171893	-	-	-	-	-	-	-	-	-	CaptureLoss::Too_Little_Traffic	Only observed 0 TCP ACKs and was expecting at least 1.	-	-	-	-	-	-	Notice::ACTION_LOG	(empty)	3600.000000	-	-	-	-	-
1614593183.581574	-	-	-	-	-	-	-	-	-	CaptureLoss::Too_Little_Traffic	Only observed 0 TCP ACKs and was expecting at least 1.	-	-	-	-	-	-	Notice::ACTION_LOG	(empty)	3600.000000	-	-	-	-	-
1614593783.049658	-	-	-	-	-	-	-	-	-	CaptureLoss::Too_Little_Traffic	Only observed 0 TCP ACKs and was expecting at least 1.	-	-	-	-	-	-	Notice::ACTION_LOG	(empty)	3600.000000	-	-	-	-	-
#close	2024-08-08-09-02-58
