#separator \x09
#set_separator	,
#empty_field	(empty)
#unset_field	-
#path	notice
#open	2024-08-09-05-21-46
#fields	ts	uid	id.orig_h	id.orig_p	id.resp_h	id.resp_p	fuid	file_mime_type	file_desc	proto	note	msg	sub	src	dst	p	n	peer_descr	actions	email_dest	suppress_for	remote_location.country_code	remote_location.region	remote_location.city	remote_location.latitude	remote_location.longitude
#types	time	string	addr	port	addr	port	string	string	string	enum	enum	string	string	addr	addr	port	count	string	set[enum]	set[string]	interval	string	string	string	double	double
1614578459.562614	-	-	-	-	-	-	-	-	-	CaptureLoss::Too_Little_Traffic	Only observed 0 TCP ACKs and was expecting at least 1.	-	-	-	-	-	-	Notice::ACTION_LOG	(empty)	3600.000000	-	-	-	-	-
1614579359.606772	-	-	-	-	-	-	-	-	-	CaptureLoss::Too_Little_Traffic	Only observed 0 TCP ACKs and was expecting at least 1.	-	-	-	-	-	-	Notice::ACTION_LOG	(empty)	3600.000000	-	-	-	-	-
1614580263.425525	-	-	-	-	-	-	-	-	-	CaptureLoss::Too_Little_Traffic	Only observed 0 TCP ACKs and was expecting at least 1.	-	-	-	-	-	-	Notice::ACTION_LOG	(empty)	3600.000000	-	-	-	-	-
1614581211.062771	-	-	-	-	-	-	-	-	-	CaptureLoss::Too_Little_Traffic	Only observed 0 TCP ACKs and was expecting at least 1.	-	-	-	-	-	-	Notice::ACTION_LOG	(empty)	3600.000000	-	-	-	-	-
1614582111.082270	-	-	-	-	-	-	-	-	-	CaptureLoss::Too_Little_Traffic	Only observed 0 TCP ACKs and was expecting at least 1.	-	-	-	-	-	-	Notice::ACTION_LOG	(empty)	3600.000000	-	-	-	-	-
1614583011.083773	-	-	-	-	-	-	-	-	-	CaptureLoss::Too_Little_Traffic	Only observed 0 TCP ACKs and was expecting at least 1.	-	-	-	-	-	-	Notice::ACTION_LOG	(empty)	3600.000000	-	-	-	-	-
1614583911.165190	-	-	-	-	-	-	-	-	-	CaptureLoss::Too_Little_Traffic	Only observed 0 TCP ACKs and was expecting at least 1.	-	-	-	-	-	-	Notice::ACTION_LOG	(empty)	3600.000000	-	-	-	-	-
1614584817.275673	-	-	-	-	-	-	-	-	-	CaptureLoss::Too_Little_Traffic	Only observed 0 TCP ACKs and was expecting at least 1.	-	-	-	-	-	-	Notice::ACTION_LOG	(empty)	3600.000000	-	-	-	-	-
1614585733.403525	-	-	-	-	-	-	-	-	-	CaptureLoss::Too_Little_Traffic	Only observed 0 TCP ACKs and was expecting at least 1.	-	-	-	-	-	-	Notice::ACTION_LOG	(empty)	3600.000000	-	-	-	-	-
1614586712.388804	-	-	-	-	-	-	-	-	-	CaptureLoss::Too_Little_Traffic	Only observed 0 TCP ACKs and was expecting at least 1.	-	-	-	-	-	-	Notice::ACTION_LOG	(empty)	3600.000000	-	-	-	-	-
1614587829.404009	-	-	-	-	-	-	-	-	-	CaptureLoss::Too_Little_Traffic	Only observed 0 TCP ACKs and was expecting at least 1.	-	-	-	-	-	-	Notice::ACTION_LOG	(empty)	3600.000000	-	-	-	-	-
1614588738.534700	-	-	-	-	-	-	-	-	-	CaptureLoss::Too_Little_Traffic	Only observed 0 TCP ACKs and was expecting at least 1.	-	-	-	-	-	-	Notice::ACTION_LOG	(empty)	3600.000000	-	-	-	-	-
1614590150.472511	-	-	-	-	-	-	-	-	-	CaptureLoss::Too_Little_Traffic	Only observed 0 TCP ACKs and was expecting at least 1.	-	-	-	-	-	-	Notice::ACTION_LOG	(empty)	3600.000000	-	-	-	-	-
1614591215.465016	-	-	-	-	-	-	-	-	-	CaptureLoss::Too_Little_Traffic	Only observed 0 TCP ACKs and was expecting at least 1.	-	-	-	-	-	-	Notice::ACTION_LOG	(empty)	3600.000000	-	-	-	-	-
1614592167.318544	-	-	-	-	-	-	-	-	-	CaptureLoss::Too_Little_Traffic	Only observed 0 TCP ACKs and was expecting at least 1.	-	-	-	-	-	-	Notice::ACTION_LOG	(empty)	3600.000000	-	-	-	-	-
1614593078.503589	-	-	-	-	-	-	-	-	-	CaptureLoss::Too_Little_Traffic	Only observed 0 TCP ACKs and was expecting at least 1.	-	-	-	-	-	-	Notice::ACTION_LOG	(empty)	3600.000000	-	-	-	-	-
1614593978.514872	-	-	-	-	-	-	-	-	-	CaptureLoss::Too_Little_Traffic	Only observed 0 TCP ACKs and was expecting at least 1.	-	-	-	-	-	-	Notice::ACTION_LOG	(empty)	3600.000000	-	-	-	-	-
1614595190.536730	-	-	-	-	-	-	-	-	-	CaptureLoss::Too_Little_Traffic	Only observed 0 TCP ACKs and was expecting at least 1.	-	-	-	-	-	-	Notice::ACTION_LOG	(empty)	3600.000000	-	-	-	-	-
1614596326.941769	-	-	-	-	-	-	-	-	-	CaptureLoss::Too_Little_Traffic	Only observed 0 TCP ACKs and was expecting at least 1.	-	-	-	-	-	-	Notice::ACTION_LOG	(empty)	3600.000000	-	-	-	-	-
1614597350.140800	-	-	-	-	-	-	-	-	-	CaptureLoss::Too_Little_Traffic	Only observed 0 TCP ACKs and was expecting at least 1.	-	-	-	-	-	-	Notice::ACTION_LOG	(empty)	3600.000000	-	-	-	-	-
1614598329.691258	-	-	-	-	-	-	-	-	-	CaptureLoss::Too_Little_Traffic	Only observed 0 TCP ACKs and was expecting at least 1.	-	-	-	-	-	-	Notice::ACTION_LOG	(empty)	3600.000000	-	-	-	-	-
1614599942.187961	-	-	-	-	-	-	-	-	-	CaptureLoss::Too_Little_Traffic	Only observed 0 TCP ACKs and was expecting at least 1.	-	-	-	-	-	-	Notice::ACTION_LOG	(empty)	3600.000000	-	-	-	-	-
1614600949.977581	-	-	-	-	-	-	-	-	-	CaptureLoss::Too_Little_Traffic	Only observed 0 TCP ACKs and was expecting at least 1.	-	-	-	-	-	-	Notice::ACTION_LOG	(empty)	3600.000000	-	-	-	-	-
1614601869.730540	-	-	-	-	-	-	-	-	-	CaptureLoss::Too_Little_Traffic	Only observed 0 TCP ACKs and was expecting at least 1.	-	-	-	-	-	-	Notice::ACTION_LOG	(empty)	3600.000000	-	-	-	-	-
1614603558.033917	-	-	-	-	-	-	-	-	-	CaptureLoss::Too_Little_Traffic	Only observed 0 TCP ACKs and was expecting at least 1.	-	-	-	-	-	-	Notice::ACTION_LOG	(empty)	3600.000000	-	-	-	-	-
1614604549.809230	-	-	-	-	-	-	-	-	-	CaptureLoss::Too_Little_Traffic	Only observed 0 TCP ACKs and was expecting at least 1.	-	-	-	-	-	-	Notice::ACTION_LOG	(empty)	3600.000000	-	-	-	-	-
1614606349.724124	-	-	-	-	-	-	-	-	-	CaptureLoss::Too_Little_Traffic	Only observed 0 TCP ACKs and was expecting at least 1.	-	-	-	-	-	-	Notice::ACTION_LOG	(empty)	3600.000000	-	-	-	-	-
1614608149.648624	-	-	-	-	-	-	-	-	-	CaptureLoss::Too_Little_Traffic	Only observed 0 TCP ACKs and was expecting at least 1.	-	-	-	-	-	-	Notice::ACTION_LOG	(empty)	3600.000000	-	-	-	-	-
1614609236.498164	-	-	-	-	-	-	-	-	-	CaptureLoss::Too_Little_Traffic	Only observed 0 TCP ACKs and was expecting at least 1.	-	-	-	-	-	-	Notice::ACTION_LOG	(empty)	3600.000000	-	-	-	-	-
1614610576.644280	-	-	-	-	-	-	-	-	-	CaptureLoss::Too_Little_Traffic	Only observed 0 TCP ACKs and was expecting at least 1.	-	-	-	-	-	-	Notice::ACTION_LOG	(empty)	3600.000000	-	-	-	-	-
1614611749.479481	-	-	-	-	-	-	-	-	-	CaptureLoss::Too_Little_Traffic	Only observed 0 TCP ACKs and was expecting at least 1.	-	-	-	-	-	-	Notice::ACTION_LOG	(empty)	3600.000000	-	-	-	-	-
1614613549.403594	-	-	-	-	-	-	-	-	-	CaptureLoss::Too_Little_Traffic	Only observed 0 TCP ACKs and was expecting at least 1.	-	-	-	-	-	-	Notice::ACTION_LOG	(empty)	3600.000000	-	-	-	-	-
1614615349.320173	-	-	-	-	-	-	-	-	-	CaptureLoss::Too_Little_Traffic	Only observed 0 TCP ACKs and was expecting at least 1.	-	-	-	-	-	-	Notice::ACTION_LOG	(empty)	3600.000000	-	-	-	-	-
1614617149.233836	-	-	-	-	-	-	-	-	-	CaptureLoss::Too_Little_Traffic	Only observed 0 TCP ACKs and was expecting at least 1.	-	-	-	-	-	-	Notice::ACTION_LOG	(empty)	3600.000000	-	-	-	-	-
1614618949.149353	-	-	-	-	-	-	-	-	-	CaptureLoss::Too_Little_Traffic	Only observed 0 TCP ACKs and was expecting at least 1.	-	-	-	-	-	-	Notice::ACTION_LOG	(empty)	3600.000000	-	-	-	-	-
1614620749.072540	-	-	-	-	-	-	-	-	-	CaptureLoss::Too_Little_Traffic	Only observed 0 TCP ACKs and was expecting at least 1.	-	-	-	-	-	-	Notice::ACTION_LOG	(empty)	3600.000000	-	-	-	-	-
1614622479.044616	-	-	-	-	-	-	-	-	-	CaptureLoss::Too_Little_Traffic	Only observed 0 TCP ACKs and was expecting at least 1.	-	-	-	-	-	-	Notice::ACTION_LOG	(empty)	3600.000000	-	-	-	-	-
1614623442.190185	-	-	-	-	-	-	-	-	-	CaptureLoss::Too_Little_Traffic	Only observed 0 TCP ACKs and was expecting at least 1.	-	-	-	-	-	-	Notice::ACTION_LOG	(empty)	3600.000000	-	-	-	-	-
1614624348.915617	-	-	-	-	-	-	-	-	-	CaptureLoss::Too_Little_Traffic	Only observed 0 TCP ACKs and was expecting at least 1.	-	-	-	-	-	-	Notice::ACTION_LOG	(empty)	3600.000000	-	-	-	-	-
1614625250.113959	-	-	-	-	-	-	-	-	-	CaptureLoss::Too_Little_Traffic	Only observed 0 TCP ACKs and was expecting at least 1.	-	-	-	-	-	-	Notice::ACTION_LOG	(empty)	3600.000000	-	-	-	-	-
1614627057.437780	-	-	-	-	-	-	-	-	-	CaptureLoss::Too_Little_Traffic	Only observed 0 TCP ACKs and was expecting at least 1.	-	-	-	-	-	-	Notice::ACTION_LOG	(empty)	3600.000000	-	-	-	-	-
1614628864.761586	-	-	-	-	-	-	-	-	-	CaptureLoss::Too_Little_Traffic	Only observed 0 TCP ACKs and was expecting at least 1.	-	-	-	-	-	-	Notice::ACTION_LOG	(empty)	3600.000000	-	-	-	-	-
1614630672.685505	-	-	-	-	-	-	-	-	-	CaptureLoss::Too_Little_Traffic	Only observed 0 TCP ACKs and was expecting at least 1.	-	-	-	-	-	-	Notice::ACTION_LOG	(empty)	3600.000000	-	-	-	-	-
1614632480.609536	-	-	-	-	-	-	-	-	-	CaptureLoss::Too_Little_Traffic	Only observed 0 TCP ACKs and was expecting at least 1.	-	-	-	-	-	-	Notice::ACTION_LOG	(empty)	3600.000000	-	-	-	-	-
1614634288.533669	-	-	-	-	-	-	-	-	-	CaptureLoss::Too_Little_Traffic	Only observed 0 TCP ACKs and was expecting at least 1.	-	-	-	-	-	-	Notice::ACTION_LOG	(empty)	3600.000000	-	-	-	-	-
1614636096.457930	-	-	-	-	-	-	-	-	-	CaptureLoss::Too_Little_Traffic	Only observed 0 TCP ACKs and was expecting at least 1.	-	-	-	-	-	-	Notice::ACTION_LOG	(empty)	3600.000000	-	-	-	-	-
1614637903.782326	-	-	-	-	-	-	-	-	-	CaptureLoss::Too_Little_Traffic	Only observed 0 TCP ACKs and was expecting at least 1.	-	-	-	-	-	-	Notice::ACTION_LOG	(empty)	3600.000000	-	-	-	-	-
1614639711.106345	-	-	-	-	-	-	-	-	-	CaptureLoss::Too_Little_Traffic	Only observed 0 TCP ACKs and was expecting at least 1.	-	-	-	-	-	-	Notice::ACTION_LOG	(empty)	3600.000000	-	-	-	-	-
1614641519.029865	-	-	-	-	-	-	-	-	-	CaptureLoss::Too_Little_Traffic	Only observed 0 TCP ACKs and was expecting at least 1.	-	-	-	-	-	-	Notice::ACTION_LOG	(empty)	3600.000000	-	-	-	-	-
1614643326.953133	-	-	-	-	-	-	-	-	-	CaptureLoss::Too_Little_Traffic	Only observed 0 TCP ACKs and was expecting at least 1.	-	-	-	-	-	-	Notice::ACTION_LOG	(empty)	3600.000000	-	-	-	-	-
1614645134.876305	-	-	-	-	-	-	-	-	-	CaptureLoss::Too_Little_Traffic	Only observed 0 TCP ACKs and was expecting at least 1.	-	-	-	-	-	-	Notice::ACTION_LOG	(empty)	3600.000000	-	-	-	-	-
1614646942.799413	-	-	-	-	-	-	-	-	-	CaptureLoss::Too_Little_Traffic	Only observed 0 TCP ACKs and was expecting at least 1.	-	-	-	-	-	-	Notice::ACTION_LOG	(empty)	3600.000000	-	-	-	-	-
1614648750.122991	-	-	-	-	-	-	-	-	-	CaptureLoss::Too_Little_Traffic	Only observed 0 TCP ACKs and was expecting at least 1.	-	-	-	-	-	-	Notice::ACTION_LOG	(empty)	3600.000000	-	-	-	-	-
1614650557.446699	-	-	-	-	-	-	-	-	-	CaptureLoss::Too_Little_Traffic	Only observed 0 TCP ACKs and was expecting at least 1.	-	-	-	-	-	-	Notice::ACTION_LOG	(empty)	3600.000000	-	-	-	-	-
1614652365.370224	-	-	-	-	-	-	-	-	-	CaptureLoss::Too_Little_Traffic	Only observed 0 TCP ACKs and was expecting at least 1.	-	-	-	-	-	-	Notice::ACTION_LOG	(empty)	3600.000000	-	-	-	-	-
1614654173.293702	-	-	-	-	-	-	-	-	-	CaptureLoss::Too_Little_Traffic	Only observed 0 TCP ACKs and was expecting at least 1.	-	-	-	-	-	-	Notice::ACTION_LOG	(empty)	3600.000000	-	-	-	-	-
1614655981.217199	-	-	-	-	-	-	-	-	-	CaptureLoss::Too_Little_Traffic	Only observed 0 TCP ACKs and was expecting at least 1.	-	-	-	-	-	-	Notice::ACTION_LOG	(empty)	3600.000000	-	-	-	-	-
1614657788.540716	-	-	-	-	-	-	-	-	-	CaptureLoss::Too_Little_Traffic	Only observed 0 TCP ACKs and was expecting at least 1.	-	-	-	-	-	-	Notice::ACTION_LOG	(empty)	3600.000000	-	-	-	-	-
1614659595.864217	-	-	-	-	-	-	-	-	-	CaptureLoss::Too_Little_Traffic	Only observed 0 TCP ACKs and was expecting at least 1.	-	-	-	-	-	-	Notice::ACTION_LOG	(empty)	3600.000000	-	-	-	-	-
1614661403.187669	-	-	-	-	-	-	-	-	-	CaptureLoss::Too_Little_Traffic	Only observed 0 TCP ACKs and was expecting at least 1.	-	-	-	-	-	-	Notice::ACTION_LOG	(empty)	3600.000000	-	-	-	-	-
1614663211.111085	-	-	-	-	-	-	-	-	-	CaptureLoss::Too_Little_Traffic	Only observed 0 TCP ACKs and was expecting at least 1.	-	-	-	-	-	-	Notice::ACTION_LOG	(empty)	3600.000000	-	-	-	-	-
1614665019.034495	-	-	-	-	-	-	-	-	-	CaptureLoss::Too_Little_Traffic	Only observed 0 TCP ACKs and was expecting at least 1.	-	-	-	-	-	-	Notice::ACTION_LOG	(empty)	3600.000000	-	-	-	-	-
1614666826.957852	-	-	-	-	-	-	-	-	-	CaptureLoss::Too_Little_Traffic	Only observed 0 TCP ACKs and was expecting at least 1.	-	-	-	-	-	-	Notice::ACTION_LOG	(empty)	3600.000000	-	-	-	-	-
1614668634.281202	-	-	-	-	-	-	-	-	-	CaptureLoss::Too_Little_Traffic	Only observed 0 TCP ACKs and was expecting at least 1.	-	-	-	-	-	-	Notice::ACTION_LOG	(empty)	3600.000000	-	-	-	-	-
1614670441.604564	-	-	-	-	-	-	-	-	-	CaptureLoss::Too_Little_Traffic	Only observed 0 TCP ACKs and was expecting at least 1.	-	-	-	-	-	-	Notice::ACTION_LOG	(empty)	3600.000000	-	-	-	-	-
1614672248.927866	-	-	-	-	-	-	-	-	-	CaptureLoss::Too_Little_Traffic	Only observed 0 TCP ACKs and was expecting at least 1.	-	-	-	-	-	-	Notice::ACTION_LOG	(empty)	3600.000000	-	-	-	-	-
1614674056.851097	-	-	-	-	-	-	-	-	-	CaptureLoss::Too_Little_Traffic	Only observed 0 TCP ACKs and was expecting at least 1.	-	-	-	-	-	-	Notice::ACTION_LOG	(empty)	3600.000000	-	-	-	-	-
1614675864.774276	-	-	-	-	-	-	-	-	-	CaptureLoss::Too_Little_Traffic	Only observed 0 TCP ACKs and was expecting at least 1.	-	-	-	-	-	-	Notice::ACTION_LOG	(empty)	3600.000000	-	-	-	-	-
1614677672.697340	-	-	-	-	-	-	-	-	-	CaptureLoss::Too_Little_Traffic	Only observed 0 TCP ACKs and was expecting at least 1.	-	-	-	-	-	-	Notice::ACTION_LOG	(empty)	3600.000000	-	-	-	-	-
1614679480.620445	-	-	-	-	-	-	-	-	-	CaptureLoss::Too_Little_Traffic	Only observed 0 TCP ACKs and was expecting at least 1.	-	-	-	-	-	-	Notice::ACTION_LOG	(empty)	3600.000000	-	-	-	-	-
1614681287.943677	-	-	-	-	-	-	-	-	-	CaptureLoss::Too_Little_Traffic	Only observed 0 TCP ACKs and was expecting at least 1.	-	-	-	-	-	-	Notice::ACTION_LOG	(empty)	3600.000000	-	-	-	-	-
1614683095.266966	-	-	-	-	-	-	-	-	-	CaptureLoss::Too_Little_Traffic	Only observed 0 TCP ACKs and was expecting at least 1.	-	-	-	-	-	-	Notice::ACTION_LOG	(empty)	3600.000000	-	-	-	-	-
1614684903.190228	-	-	-	-	-	-	-	-	-	CaptureLoss::Too_Little_Traffic	Only observed 0 TCP ACKs and was expecting at least 1.	-	-	-	-	-	-	Notice::ACTION_LOG	(empty)	3600.000000	-	-	-	-	-
1614686069.796106	-	-	-	-	-	-	-	-	-	CaptureLoss::Too_Little_Traffic	Only observed 0 TCP ACKs and was expecting at least 1.	-	-	-	-	-	-	Notice::ACTION_LOG	(empty)	3600.000000	-	-	-	-	-
1614687346.040926	-	-	-	-	-	-	-	-	-	CaptureLoss::Too_Little_Traffic	Only observed 0 TCP ACKs and was expecting at least 1.	-	-	-	-	-	-	Notice::ACTION_LOG	(empty)	3600.000000	-	-	-	-	-
1614688518.436395	-	-	-	-	-	-	-	-	-	CaptureLoss::Too_Little_Traffic	Only observed 0 TCP ACKs and was expecting at least 1.	-	-	-	-	-	-	Notice::ACTION_LOG	(empty)	3600.000000	-	-	-	-	-
1614690326.359582	-	-	-	-	-	-	-	-	-	CaptureLoss::Too_Little_Traffic	Only observed 0 TCP ACKs and was expecting at least 1.	-	-	-	-	-	-	Notice::ACTION_LOG	(empty)	3600.000000	-	-	-	-	-
1614692133.682871	-	-	-	-	-	-	-	-	-	CaptureLoss::Too_Little_Traffic	Only observed 0 TCP ACKs and was expecting at least 1.	-	-	-	-	-	-	Notice::ACTION_LOG	(empty)	3600.000000	-	-	-	-	-
1614693941.006117	-	-	-	-	-	-	-	-	-	CaptureLoss::Too_Little_Traffic	Only observed 0 TCP ACKs and was expecting at least 1.	-	-	-	-	-	-	Notice::ACTION_LOG	(empty)	3600.000000	-	-	-	-	-
1614695748.929269	-	-	-	-	-	-	-	-	-	CaptureLoss::Too_Little_Traffic	Only observed 0 TCP ACKs and was expecting at least 1.	-	-	-	-	-	-	Notice::ACTION_LOG	(empty)	3600.000000	-	-	-	-	-
1614697556.852491	-	-	-	-	-	-	-	-	-	CaptureLoss::Too_Little_Traffic	Only observed 0 TCP ACKs and was expecting at least 1.	-	-	-	-	-	-	Notice::ACTION_LOG	(empty)	3600.000000	-	-	-	-	-
1614699364.775797	-	-	-	-	-	-	-	-	-	CaptureLoss::Too_Little_Traffic	Only observed 0 TCP ACKs and was expecting at least 1.	-	-	-	-	-	-	Notice::ACTION_LOG	(empty)	3600.000000	-	-	-	-	-
1614701172.699214	-	-	-	-	-	-	-	-	-	CaptureLoss::Too_Little_Traffic	Only observed 0 TCP ACKs and was expecting at least 1.	-	-	-	-	-	-	Notice::ACTION_LOG	(empty)	3600.000000	-	-	-	-	-
1614702980.022790	-	-	-	-	-	-	-	-	-	CaptureLoss::Too_Little_Traffic	Only observed 0 TCP ACKs and was expecting at least 1.	-	-	-	-	-	-	Notice::ACTION_LOG	(empty)	3600.000000	-	-	-	-	-
1614704787.346494	-	-	-	-	-	-	-	-	-	CaptureLoss::Too_Little_Traffic	Only observed 0 TCP ACKs and was expecting at least 1.	-	-	-	-	-	-	Notice::ACTION_LOG	(empty)	3600.000000	-	-	-	-	-
1614706595.270290	-	-	-	-	-	-	-	-	-	CaptureLoss::Too_Little_Traffic	Only observed 0 TCP ACKs and was expecting at least 1.	-	-	-	-	-	-	Notice::ACTION_LOG	(empty)	3600.000000	-	-	-	-	-
1614708402.594019	-	-	-	-	-	-	-	-	-	CaptureLoss::Too_Little_Traffic	Only observed 0 TCP ACKs and was expecting at least 1.	-	-	-	-	-	-	Notice::ACTION_LOG	(empty)	3600.000000	-	-	-	-	-
1614710210.517780	-	-	-	-	-	-	-	-	-	CaptureLoss::Too_Little_Traffic	Only observed 0 TCP ACKs and was expecting at least 1.	-	-	-	-	-	-	Notice::ACTION_LOG	(empty)	3600.000000	-	-	-	-	-
1614712018.441547	-	-	-	-	-	-	-	-	-	CaptureLoss::Too_Little_Traffic	Only observed 0 TCP ACKs and was expecting at least 1.	-	-	-	-	-	-	Notice::ACTION_LOG	(empty)	3600.000000	-	-	-	-	-
1614713825.765497	-	-	-	-	-	-	-	-	-	CaptureLoss::Too_Little_Traffic	Only observed 0 TCP ACKs and was expecting at least 1.	-	-	-	-	-	-	Notice::ACTION_LOG	(empty)	3600.000000	-	-	-	-	-
1614715633.089637	-	-	-	-	-	-	-	-	-	CaptureLoss::Too_Little_Traffic	Only observed 0 TCP ACKs and was expecting at least 1.	-	-	-	-	-	-	Notice::ACTION_LOG	(empty)	3600.000000	-	-	-	-	-
1614717441.013886	-	-	-	-	-	-	-	-	-	CaptureLoss::Too_Little_Traffic	Only observed 0 TCP ACKs and was expecting at least 1.	-	-	-	-	-	-	Notice::ACTION_LOG	(empty)	3600.000000	-	-	-	-	-
1614719248.938136	-	-	-	-	-	-	-	-	-	CaptureLoss::Too_Little_Traffic	Only observed 0 TCP ACKs and was expecting at least 1.	-	-	-	-	-	-	Notice::ACTION_LOG	(empty)	3600.000000	-	-	-	-	-
1614721056.862421	-	-	-	-	-	-	-	-	-	CaptureLoss::Too_Little_Traffic	Only observed 0 TCP ACKs and was expecting at least 1.	-	-	-	-	-	-	Notice::ACTION_LOG	(empty)	3600.000000	-	-	-	-	-
1614722864.786659	-	-	-	-	-	-	-	-	-	CaptureLoss::Too_Little_Traffic	Only observed 0 TCP ACKs and was expecting at least 1.	-	-	-	-	-	-	Notice::ACTION_LOG	(empty)	3600.000000	-	-	-	-	-
1614724672.110729	-	-	-	-	-	-	-	-	-	CaptureLoss::Too_Little_Traffic	Only observed 0 TCP ACKs and was expecting at least 1.	-	-	-	-	-	-	Notice::ACTION_LOG	(empty)	3600.000000	-	-	-	-	-
1614726479.434615	-	-	-	-	-	-	-	-	-	CaptureLoss::Too_Little_Traffic	Only observed 0 TCP ACKs and was expecting at least 1.	-	-	-	-	-	-	Notice::ACTION_LOG	(empty)	3600.000000	-	-	-	-	-
1614728286.758337	-	-	-	-	-	-	-	-	-	CaptureLoss::Too_Little_Traffic	Only observed 0 TCP ACKs and was expecting at least 1.	-	-	-	-	-	-	Notice::ACTION_LOG	(empty)	3600.000000	-	-	-	-	-
1614730094.681963	-	-	-	-	-	-	-	-	-	CaptureLoss::Too_Little_Traffic	Only observed 0 TCP ACKs and was expecting at least 1.	-	-	-	-	-	-	Notice::ACTION_LOG	(empty)	3600.000000	-	-	-	-	-
1614731902.605510	-	-	-	-	-	-	-	-	-	CaptureLoss::Too_Little_Traffic	Only observed 0 TCP ACKs and was expecting at least 1.	-	-	-	-	-	-	Notice::ACTION_LOG	(empty)	3600.000000	-	-	-	-	-
1614733710.528966	-	-	-	-	-	-	-	-	-	CaptureLoss::Too_Little_Traffic	Only observed 0 TCP ACKs and was expecting at least 1.	-	-	-	-	-	-	Notice::ACTION_LOG	(empty)	3600.000000	-	-	-	-	-
1614735517.852591	-	-	-	-	-	-	-	-	-	CaptureLoss::Too_Little_Traffic	Only observed 0 TCP ACKs and was expecting at least 1.	-	-	-	-	-	-	Notice::ACTION_LOG	(empty)	3600.000000	-	-	-	-	-
1614737325.176145	-	-	-	-	-	-	-	-	-	CaptureLoss::Too_Little_Traffic	Only observed 0 TCP ACKs and was expecting at least 1.	-	-	-	-	-	-	Notice::ACTION_LOG	(empty)	3600.000000	-	-	-	-	-
1614739133.099663	-	-	-	-	-	-	-	-	-	CaptureLoss::Too_Little_Traffic	Only observed 0 TCP ACKs and was expecting at least 1.	-	-	-	-	-	-	Notice::ACTION_LOG	(empty)	3600.000000	-	-	-	-	-
1614740941.023132	-	-	-	-	-	-	-	-	-	CaptureLoss::Too_Little_Traffic	Only observed 0 TCP ACKs and was expecting at least 1.	-	-	-	-	-	-	Notice::ACTION_LOG	(empty)	3600.000000	-	-	-	-	-
1614742748.946587	-	-	-	-	-	-	-	-	-	CaptureLoss::Too_Little_Traffic	Only observed 0 TCP ACKs and was expecting at least 1.	-	-	-	-	-	-	Notice::ACTION_LOG	(empty)	3600.000000	-	-	-	-	-
1614744556.870025	-	-	-	-	-	-	-	-	-	CaptureLoss::Too_Little_Traffic	Only observed 0 TCP ACKs and was expecting at least 1.	-	-	-	-	-	-	Notice::ACTION_LOG	(empty)	3600.000000	-	-	-	-	-
1614746364.193438	-	-	-	-	-	-	-	-	-	CaptureLoss::Too_Little_Traffic	Only observed 0 TCP ACKs and was expecting at least 1.	-	-	-	-	-	-	Notice::ACTION_LOG	(empty)	3600.000000	-	-	-	-	-
1614748170.916901	-	-	-	-	-	-	-	-	-	CaptureLoss::Too_Little_Traffic	Only observed 0 TCP ACKs and was expecting at least 1.	-	-	-	-	-	-	Notice::ACTION_LOG	(empty)	3600.000000	-	-	-	-	-
1614749978.840316	-	-	-	-	-	-	-	-	-	CaptureLoss::Too_Little_Traffic	Only observed 0 TCP ACKs and was expecting at least 1.	-	-	-	-	-	-	Notice::ACTION_LOG	(empty)	3600.000000	-	-	-	-	-
1614751786.763755	-	-	-	-	-	-	-	-	-	CaptureLoss::Too_Little_Traffic	Only observed 0 TCP ACKs and was expecting at least 1.	-	-	-	-	-	-	Notice::ACTION_LOG	(empty)	3600.000000	-	-	-	-	-
1614753594.687168	-	-	-	-	-	-	-	-	-	CaptureLoss::Too_Little_Traffic	Only observed 0 TCP ACKs and was expecting at least 1.	-	-	-	-	-	-	Notice::ACTION_LOG	(empty)	3600.000000	-	-	-	-	-
1614755402.610601	-	-	-	-	-	-	-	-	-	CaptureLoss::Too_Little_Traffic	Only observed 0 TCP ACKs and was expecting at least 1.	-	-	-	-	-	-	Notice::ACTION_LOG	(empty)	3600.000000	-	-	-	-	-
1614757209.934016	-	-	-	-	-	-	-	-	-	CaptureLoss::Too_Little_Traffic	Only observed 0 TCP ACKs and was expecting at least 1.	-	-	-	-	-	-	Notice::ACTION_LOG	(empty)	3600.000000	-	-	-	-	-
1614759017.257312	-	-	-	-	-	-	-	-	-	CaptureLoss::Too_Little_Traffic	Only observed 0 TCP ACKs and was expecting at least 1.	-	-	-	-	-	-	Notice::ACTION_LOG	(empty)	3600.000000	-	-	-	-	-
1614760825.180549	-	-	-	-	-	-	-	-	-	CaptureLoss::Too_Little_Traffic	Only observed 0 TCP ACKs and was expecting at least 1.	-	-	-	-	-	-	Notice::ACTION_LOG	(empty)	3600.000000	-	-	-	-	-
1614762633.103674	-	-	-	-	-	-	-	-	-	CaptureLoss::Too_Little_Traffic	Only observed 0 TCP ACKs and was expecting at least 1.	-	-	-	-	-	-	Notice::ACTION_LOG	(empty)	3600.000000	-	-	-	-	-
1614764441.026727	-	-	-	-	-	-	-	-	-	CaptureLoss::Too_Little_Traffic	Only observed 0 TCP ACKs and was expecting at least 1.	-	-	-	-	-	-	Notice::ACTION_LOG	(empty)	3600.000000	-	-	-	-	-
1614766248.949809	-	-	-	-	-	-	-	-	-	CaptureLoss::Too_Little_Traffic	Only observed 0 TCP ACKs and was expecting at least 1.	-	-	-	-	-	-	Notice::ACTION_LOG	(empty)	3600.000000	-	-	-	-	-
1614768055.673019	-	-	-	-	-	-	-	-	-	CaptureLoss::Too_Little_Traffic	Only observed 0 TCP ACKs and was expecting at least 1.	-	-	-	-	-	-	Notice::ACTION_LOG	(empty)	3600.000000	-	-	-	-	-
1614769862.996212	-	-	-	-	-	-	-	-	-	CaptureLoss::Too_Little_Traffic	Only observed 0 TCP ACKs and was expecting at least 1.	-	-	-	-	-	-	Notice::ACTION_LOG	(empty)	3600.000000	-	-	-	-	-
1614771670.919457	-	-	-	-	-	-	-	-	-	CaptureLoss::Too_Little_Traffic	Only observed 0 TCP ACKs and was expecting at least 1.	-	-	-	-	-	-	Notice::ACTION_LOG	(empty)	3600.000000	-	-	-	-	-
1614773478.842687	-	-	-	-	-	-	-	-	-	CaptureLoss::Too_Little_Traffic	Only observed 0 TCP ACKs and was expecting at least 1.	-	-	-	-	-	-	Notice::ACTION_LOG	(empty)	3600.000000	-	-	-	-	-
1614775286.765908	-	-	-	-	-	-	-	-	-	CaptureLoss::Too_Little_Traffic	Only observed 0 TCP ACKs and was expecting at least 1.	-	-	-	-	-	-	Notice::ACTION_LOG	(empty)	3600.000000	-	-	-	-	-
1614777094.689244	-	-	-	-	-	-	-	-	-	CaptureLoss::Too_Little_Traffic	Only observed 0 TCP ACKs and was expecting at least 1.	-	-	-	-	-	-	Notice::ACTION_LOG	(empty)	3600.000000	-	-	-	-	-
1614778901.412828	-	-	-	-	-	-	-	-	-	CaptureLoss::Too_Little_Traffic	Only observed 0 TCP ACKs and was expecting at least 1.	-	-	-	-	-	-	Notice::ACTION_LOG	(empty)	3600.000000	-	-	-	-	-
1614780708.736489	-	-	-	-	-	-	-	-	-	CaptureLoss::Too_Little_Traffic	Only observed 0 TCP ACKs and was expecting at least 1.	-	-	-	-	-	-	Notice::ACTION_LOG	(empty)	3600.000000	-	-	-	-	-
1614782516.660191	-	-	-	-	-	-	-	-	-	CaptureLoss::Too_Little_Traffic	Only observed 0 TCP ACKs and was expecting at least 1.	-	-	-	-	-	-	Notice::ACTION_LOG	(empty)	3600.000000	-	-	-	-	-
1614784324.583936	-	-	-	-	-	-	-	-	-	CaptureLoss::Too_Little_Traffic	Only observed 0 TCP ACKs and was expecting at least 1.	-	-	-	-	-	-	Notice::ACTION_LOG	(empty)	3600.000000	-	-	-	-	-
1614786132.507709	-	-	-	-	-	-	-	-	-	CaptureLoss::Too_Little_Traffic	Only observed 0 TCP ACKs and was expecting at least 1.	-	-	-	-	-	-	Notice::ACTION_LOG	(empty)	3600.000000	-	-	-	-	-
1614787940.431541	-	-	-	-	-	-	-	-	-	CaptureLoss::Too_Little_Traffic	Only observed 0 TCP ACKs and was expecting at least 1.	-	-	-	-	-	-	Notice::ACTION_LOG	(empty)	3600.000000	-	-	-	-	-
1614789747.755345	-	-	-	-	-	-	-	-	-	CaptureLoss::Too_Little_Traffic	Only observed 0 TCP ACKs and was expecting at least 1.	-	-	-	-	-	-	Notice::ACTION_LOG	(empty)	3600.000000	-	-	-	-	-
1614791555.079143	-	-	-	-	-	-	-	-	-	CaptureLoss::Too_Little_Traffic	Only observed 0 TCP ACKs and was expecting at least 1.	-	-	-	-	-	-	Notice::ACTION_LOG	(empty)	3600.000000	-	-	-	-	-
1614793363.002986	-	-	-	-	-	-	-	-	-	CaptureLoss::Too_Little_Traffic	Only observed 0 TCP ACKs and was expecting at least 1.	-	-	-	-	-	-	Notice::ACTION_LOG	(empty)	3600.000000	-	-	-	-	-
1614795170.926931	-	-	-	-	-	-	-	-	-	CaptureLoss::Too_Little_Traffic	Only observed 0 TCP ACKs and was expecting at least 1.	-	-	-	-	-	-	Notice::ACTION_LOG	(empty)	3600.000000	-	-	-	-	-
1614796978.851003	-	-	-	-	-	-	-	-	-	CaptureLoss::Too_Little_Traffic	Only observed 0 TCP ACKs and was expecting at least 1.	-	-	-	-	-	-	Notice::ACTION_LOG	(empty)	3600.000000	-	-	-	-	-
1614798786.175230	-	-	-	-	-	-	-	-	-	CaptureLoss::Too_Little_Traffic	Only observed 0 TCP ACKs and was expecting at least 1.	-	-	-	-	-	-	Notice::ACTION_LOG	(empty)	3600.000000	-	-	-	-	-
1614800593.499524	-	-	-	-	-	-	-	-	-	CaptureLoss::Too_Little_Traffic	Only observed 0 TCP ACKs and was expecting at least 1.	-	-	-	-	-	-	Notice::ACTION_LOG	(empty)	3600.000000	-	-	-	-	-
1614802400.823884	-	-	-	-	-	-	-	-	-	CaptureLoss::Too_Little_Traffic	Only observed 0 TCP ACKs and was expecting at least 1.	-	-	-	-	-	-	Notice::ACTION_LOG	(empty)	3600.000000	-	-	-	-	-
1614804208.748103	-	-	-	-	-	-	-	-	-	CaptureLoss::Too_Little_Traffic	Only observed 0 TCP ACKs and was expecting at least 1.	-	-	-	-	-	-	Notice::ACTION_LOG	(empty)	3600.000000	-	-	-	-	-
1614806016.672292	-	-	-	-	-	-	-	-	-	CaptureLoss::Too_Little_Traffic	Only observed 0 TCP ACKs and was expecting at least 1.	-	-	-	-	-	-	Notice::ACTION_LOG	(empty)	3600.000000	-	-	-	-	-
1614807824.596449	-	-	-	-	-	-	-	-	-	CaptureLoss::Too_Little_Traffic	Only observed 0 TCP ACKs and was expecting at least 1.	-	-	-	-	-	-	Notice::ACTION_LOG	(empty)	3600.000000	-	-	-	-	-
1614809632.520557	-	-	-	-	-	-	-	-	-	CaptureLoss::Too_Little_Traffic	Only observed 0 TCP ACKs and was expecting at least 1.	-	-	-	-	-	-	Notice::ACTION_LOG	(empty)	3600.000000	-	-	-	-	-
1614811439.844606	-	-	-	-	-	-	-	-	-	CaptureLoss::Too_Little_Traffic	Only observed 0 TCP ACKs and was expecting at least 1.	-	-	-	-	-	-	Notice::ACTION_LOG	(empty)	3600.000000	-	-	-	-	-
1614813247.168460	-	-	-	-	-	-	-	-	-	CaptureLoss::Too_Little_Traffic	Only observed 0 TCP ACKs and was expecting at least 1.	-	-	-	-	-	-	Notice::ACTION_LOG	(empty)	3600.000000	-	-	-	-	-
1614815055.092193	-	-	-	-	-	-	-	-	-	CaptureLoss::Too_Little_Traffic	Only observed 0 TCP ACKs and was expecting at least 1.	-	-	-	-	-	-	Notice::ACTION_LOG	(empty)	3600.000000	-	-	-	-	-
1614816863.015775	-	-	-	-	-	-	-	-	-	CaptureLoss::Too_Little_Traffic	Only observed 0 TCP ACKs and was expecting at least 1.	-	-	-	-	-	-	Notice::ACTION_LOG	(empty)	3600.000000	-	-	-	-	-
1614818670.339256	-	-	-	-	-	-	-	-	-	CaptureLoss::Too_Little_Traffic	Only observed 0 TCP ACKs and was expecting at least 1.	-	-	-	-	-	-	Notice::ACTION_LOG	(empty)	3600.000000	-	-	-	-	-
1614820478.262802	-	-	-	-	-	-	-	-	-	CaptureLoss::Too_Little_Traffic	Only observed 0 TCP ACKs and was expecting at least 1.	-	-	-	-	-	-	Notice::ACTION_LOG	(empty)	3600.000000	-	-	-	-	-
1614822285.586578	-	-	-	-	-	-	-	-	-	CaptureLoss::Too_Little_Traffic	Only observed 0 TCP ACKs and was expecting at least 1.	-	-	-	-	-	-	Notice::ACTION_LOG	(empty)	3600.000000	-	-	-	-	-
1614824092.910289	-	-	-	-	-	-	-	-	-	CaptureLoss::Too_Little_Traffic	Only observed 0 TCP ACKs and was expecting at least 1.	-	-	-	-	-	-	Notice::ACTION_LOG	(empty)	3600.000000	-	-	-	-	-
1614825900.833894	-	-	-	-	-	-	-	-	-	CaptureLoss::Too_Little_Traffic	Only observed 0 TCP ACKs and was expecting at least 1.	-	-	-	-	-	-	Notice::ACTION_LOG	(empty)	3600.000000	-	-	-	-	-
1614827708.757464	-	-	-	-	-	-	-	-	-	CaptureLoss::Too_Little_Traffic	Only observed 0 TCP ACKs and was expecting at least 1.	-	-	-	-	-	-	Notice::ACTION_LOG	(empty)	3600.000000	-	-	-	-	-
1614829516.681001	-	-	-	-	-	-	-	-	-	CaptureLoss::Too_Little_Traffic	Only observed 0 TCP ACKs and was expecting at least 1.	-	-	-	-	-	-	Notice::ACTION_LOG	(empty)	3600.000000	-	-	-	-	-
1614831324.604472	-	-	-	-	-	-	-	-	-	CaptureLoss::Too_Little_Traffic	Only observed 0 TCP ACKs and was expecting at least 1.	-	-	-	-	-	-	Notice::ACTION_LOG	(empty)	3600.000000	-	-	-	-	-
1614833131.927995	-	-	-	-	-	-	-	-	-	CaptureLoss::Too_Little_Traffic	Only observed 0 TCP ACKs and was expecting at least 1.	-	-	-	-	-	-	Notice::ACTION_LOG	(empty)	3600.000000	-	-	-	-	-
1614834391.304059	-	-	-	-	-	-	-	-	-	CaptureLoss::Too_Little_Traffic	Only observed 0 TCP ACKs and was expecting at least 1.	-	-	-	-	-	-	Notice::ACTION_LOG	(empty)	3600.000000	-	-	-	-	-
1614836739.304212	-	-	-	-	-	-	-	-	-	CaptureLoss::Too_Little_Traffic	Only observed 0 TCP ACKs and was expecting at least 1.	-	-	-	-	-	-	Notice::ACTION_LOG	(empty)	3600.000000	-	-	-	-	-
1614838354.066745	-	-	-	-	-	-	-	-	-	CaptureLoss::Too_Little_Traffic	Only observed 0 TCP ACKs and was expecting at least 1.	-	-	-	-	-	-	Notice::ACTION_LOG	(empty)	3600.000000	-	-	-	-	-
1614839990.861574	-	-	-	-	-	-	-	-	-	CaptureLoss::Too_Little_Traffic	Only observed 0 TCP ACKs and was expecting at least 1.	-	-	-	-	-	-	Notice::ACTION_LOG	(empty)	3600.000000	-	-	-	-	-
1614842139.060396	-	-	-	-	-	-	-	-	-	CaptureLoss::Too_Little_Traffic	Only observed 0 TCP ACKs and was expecting at least 1.	-	-	-	-	-	-	Notice::ACTION_LOG	(empty)	3600.000000	-	-	-	-	-
1614843716.917690	-	-	-	-	-	-	-	-	-	CaptureLoss::Too_Little_Traffic	Only observed 0 TCP ACKs and was expecting at least 1.	-	-	-	-	-	-	Notice::ACTION_LOG	(empty)	3600.000000	-	-	-	-	-
1614845738.896020	-	-	-	-	-	-	-	-	-	CaptureLoss::Too_Little_Traffic	Only observed 0 TCP ACKs and was expecting at least 1.	-	-	-	-	-	-	Notice::ACTION_LOG	(empty)	3600.000000	-	-	-	-	-
1614847467.870581	-	-	-	-	-	-	-	-	-	CaptureLoss::Too_Little_Traffic	Only observed 0 TCP ACKs and was expecting at least 1.	-	-	-	-	-	-	Notice::ACTION_LOG	(empty)	3600.000000	-	-	-	-	-
1614849338.738720	-	-	-	-	-	-	-	-	-	CaptureLoss::Too_Little_Traffic	Only observed 0 TCP ACKs and was expecting at least 1.	-	-	-	-	-	-	Notice::ACTION_LOG	(empty)	3600.000000	-	-	-	-	-
1614851138.662109	-	-	-	-	-	-	-	-	-	CaptureLoss::Too_Little_Traffic	Only observed 0 TCP ACKs and was expecting at least 1.	-	-	-	-	-	-	Notice::ACTION_LOG	(empty)	3600.000000	-	-	-	-	-
1614852642.172165	-	-	-	-	-	-	-	-	-	CaptureLoss::Too_Little_Traffic	Only observed 0 TCP ACKs and was expecting at least 1.	-	-	-	-	-	-	Notice::ACTION_LOG	(empty)	3600.000000	-	-	-	-	-
1614853646.603862	-	-	-	-	-	-	-	-	-	CaptureLoss::Too_Little_Traffic	Only observed 0 TCP ACKs and was expecting at least 1.	-	-	-	-	-	-	Notice::ACTION_LOG	(empty)	3600.000000	-	-	-	-	-
1614854738.506334	-	-	-	-	-	-	-	-	-	CaptureLoss::Too_Little_Traffic	Only observed 0 TCP ACKs and was expecting at least 1.	-	-	-	-	-	-	Notice::ACTION_LOG	(empty)	3600.000000	-	-	-	-	-
1614856315.345449	-	-	-	-	-	-	-	-	-	CaptureLoss::Too_Little_Traffic	Only observed 0 TCP ACKs and was expecting at least 1.	-	-	-	-	-	-	Notice::ACTION_LOG	(empty)	3600.000000	-	-	-	-	-
1614857215.724608	-	-	-	-	-	-	-	-	-	CaptureLoss::Too_Little_Traffic	Only observed 0 TCP ACKs and was expecting at least 1.	-	-	-	-	-	-	Notice::ACTION_LOG	(empty)	3600.000000	-	-	-	-	-
1614858338.346655	-	-	-	-	-	-	-	-	-	CaptureLoss::Too_Little_Traffic	Only observed 0 TCP ACKs and was expecting at least 1.	-	-	-	-	-	-	Notice::ACTION_LOG	(empty)	3600.000000	-	-	-	-	-
1614860138.260624	-	-	-	-	-	-	-	-	-	CaptureLoss::Too_Little_Traffic	Only observed 0 TCP ACKs and was expecting at least 1.	-	-	-	-	-	-	Notice::ACTION_LOG	(empty)	3600.000000	-	-	-	-	-
1614861938.182358	-	-	-	-	-	-	-	-	-	CaptureLoss::Too_Little_Traffic	Only observed 0 TCP ACKs and was expecting at least 1.	-	-	-	-	-	-	Notice::ACTION_LOG	(empty)	3600.000000	-	-	-	-	-
1614863531.982923	-	-	-	-	-	-	-	-	-	CaptureLoss::Too_Little_Traffic	Only observed 0 TCP ACKs and was expecting at least 1.	-	-	-	-	-	-	Notice::ACTION_LOG	(empty)	3600.000000	-	-	-	-	-
1614865538.020989	-	-	-	-	-	-	-	-	-	CaptureLoss::Too_Little_Traffic	Only observed 0 TCP ACKs and was expecting at least 1.	-	-	-	-	-	-	Notice::ACTION_LOG	(empty)	3600.000000	-	-	-	-	-
1614865852.237296	-	-	-	-	-	-	-	-	-	CaptureLoss::Too_Little_Traffic	Only observed 0 TCP ACKs and was expecting at least 1.	-	-	-	-	-	-	Notice::ACTION_LOG	(empty)	3600.000000	-	-	-	-	-
#close	2024-08-09-05-21-53
